[debug] [2024-10-25T05:23:29.884Z] ----------------------------------------------------------------------
[debug] [2024-10-25T05:23:29.894Z] Command:       C:\Program Files\nodejs\node.exe C:\Users\admin\AppData\Roaming\npm\node_modules\firebase-tools\lib\bin\firebase.js init
[debug] [2024-10-25T05:23:29.896Z] CLI Version:   13.23.0
[debug] [2024-10-25T05:23:29.897Z] Platform:      win32
[debug] [2024-10-25T05:23:29.897Z] Node Version:  v20.16.0
[debug] [2024-10-25T05:23:29.898Z] Time:          Fri Oct 25 2024 10:53:29 GMT+0530 (India Standard Time)
[debug] [2024-10-25T05:23:29.899Z] ----------------------------------------------------------------------
[debug] 
[debug] [2024-10-25T05:23:29.931Z] > command requires scopes: ["email","openid","https://www.googleapis.com/auth/cloudplatformprojects.readonly","https://www.googleapis.com/auth/firebase","https://www.googleapis.com/auth/cloud-platform"]
[debug] [2024-10-25T05:23:29.933Z] > authorizing via signed-in user (swatisahu01122000@gmail.com)
[info] 
     ######## #### ########  ######## ########     ###     ######  ########
     ##        ##  ##     ## ##       ##     ##  ##   ##  ##       ##
     ######    ##  ########  ######   ########  #########  ######  ######
     ##        ##  ##    ##  ##       ##     ## ##     ##       ## ##
     ##       #### ##     ## ######## ########  ##     ##  ######  ########

You're about to initialize a Firebase project in this directory:

  C:\Users\admin\Desktop\ecom\my-app

[info] 
=== Project Setup
[info] 
[info] First, let's associate this project directory with a Firebase project.
[info] You can create multiple project aliases by running firebase use --add, 
[info] but for now we'll just set up a default project.
[info] 
[debug] [2024-10-25T05:24:42.855Z] Checked if tokens are valid: false, expires at: 1721882331978
[debug] [2024-10-25T05:24:42.858Z] Checked if tokens are valid: false, expires at: 1721882331978
[debug] [2024-10-25T05:24:42.860Z] > refreshing access token with scopes: []
[debug] [2024-10-25T05:24:42.870Z] >>> [apiv2][query] POST https://www.googleapis.com/oauth2/v3/token [none]
[debug] [2024-10-25T05:24:42.871Z] >>> [apiv2][body] POST https://www.googleapis.com/oauth2/v3/token [omitted]
[debug] [2024-10-25T05:24:43.079Z] *** [apiv2] error from fetch(https://www.googleapis.com/oauth2/v3/token, {"headers":{},"method":"POST","body":{"_overheadLength":545,"_valueLength":212,"_valuesToMeasure":[],"writable":false,"readable":true,"dataSize":0,"maxDataSize":2097152,"pauseStreams":true,"_released":true,"_streams":[],"_currentStream":null,"_insideLoop":false,"_pendingNext":false,"_boundary":"--------------------------339355980900787050444708","_events":{},"_eventsCount":1}}): FetchError: request to https://www.googleapis.com/oauth2/v3/token failed, reason: getaddrinfo ENOTFOUND www.googleapis.com
[debug] [2024-10-25T05:24:43.081Z] Authentication Error: Your credentials are no longer valid. Please run firebase login --reauth

For CI servers and headless environments, generate a new token with firebase login:ci
[debug] [2024-10-25T05:24:43.105Z] FirebaseError: Authentication Error: Your credentials are no longer valid. Please run firebase login --reauth

For CI servers and headless environments, generate a new token with firebase login:ci
    at invalidCredentialError (C:\Users\admin\AppData\Roaming\npm\node_modules\firebase-tools\lib\auth.js:141:12)
    at refreshTokens (C:\Users\admin\AppData\Roaming\npm\node_modules\firebase-tools\lib\auth.js:527:15)
    at process.processTicksAndRejections (node:internal/process/task_queues:95:5)
    at async getAccessToken (C:\Users\admin\AppData\Roaming\npm\node_modules\firebase-tools\lib\apiv2.js:42:18)
    at async Client.addAuthHeader (C:\Users\admin\AppData\Roaming\npm\node_modules\firebase-tools\lib\apiv2.js:169:21)
    at async Client.request (C:\Users\admin\AppData\Roaming\npm\node_modules\firebase-tools\lib\apiv2.js:120:34)
    at async getProjectPage (C:\Users\admin\AppData\Roaming\npm\node_modules\firebase-tools\lib\management\projects.js:238:17)
    at async getFirebaseProjectPage (C:\Users\admin\AppData\Roaming\npm\node_modules\firebase-tools\lib\management\projects.js:255:23)
    at async selectProjectInteractively (C:\Users\admin\AppData\Roaming\npm\node_modules\firebase-tools\lib\management\projects.js:94:41)
    at async doSetup (C:\Users\admin\AppData\Roaming\npm\node_modules\firebase-tools\lib\init\features\project.js:88:27)
[error] 
[error] Error: Failed to list Firebase projects. See firebase-debug.log for more info.
